{
  "RSpec": {
    "coverage": {
      "/Users/kemilaisdiandini/job/friend-management-test/spec/controllers/api/api_controller_spec.rb": [
        1,
        null,
        1,
        null,
        null
      ],
      "/Users/kemilaisdiandini/job/friend-management-test/spec/rails_helper.rb": [
        null,
        1,
        1,
        1,
        1,
        null,
        1,
        1,
        null,
        1,
        1,
        null,
        null,
        null,
        null,
        null,
        null,
        null,
        null,
        null,
        null,
        null,
        null,
        null,
        null,
        null,
        null,
        null,
        null,
        null,
        1,
        null,
        null,
        1,
        1,
        1,
        1,
        null,
        null,
        null,
        1,
        null,
        1,
        null,
        null,
        1,
        1,
        1,
        null,
        null,
        null,
        null,
        1,
        22,
        22,
        null,
        null,
        null,
        null,
        null,
        null,
        null,
        1,
        null,
        null,
        null,
        null,
        null,
        null,
        null,
        null,
        null,
        null,
        null,
        null,
        null,
        null,
        1,
        null,
        null,
        1,
        null,
        null,
        null
      ],
      "/Users/kemilaisdiandini/job/friend-management-test/config/environment.rb": [
        null,
        1,
        null,
        null,
        1
      ],
      "/Users/kemilaisdiandini/job/friend-management-test/config/application.rb": [
        1,
        null,
        1,
        null,
        null,
        null,
        1,
        null,
        1,
        1,
        null,
        1,
        null,
        null,
        null,
        null,
        null,
        null
      ],
      "/Users/kemilaisdiandini/job/friend-management-test/config/boot.rb": [
        1,
        null,
        1
      ],
      "/Users/kemilaisdiandini/job/friend-management-test/config/environments/test.rb": [
        1,
        null,
        null,
        null,
        null,
        null,
        null,
        1,
        null,
        null,
        null,
        null,
        1,
        null,
        null,
        1,
        1,
        null,
        null,
        null,
        null,
        1,
        1,
        null,
        null,
        1,
        null,
        null,
        1,
        1,
        null,
        null,
        null,
        null,
        1,
        null,
        null,
        1,
        null,
        null,
        null,
        null
      ],
      "/Users/kemilaisdiandini/job/friend-management-test/config/initializers/apipie.rb": [
        1,
        1,
        1,
        1,
        1,
        1,
        null,
        1,
        null,
        1,
        1,
        1,
        null,
        null,
        null
      ],
      "/Users/kemilaisdiandini/job/friend-management-test/config/initializers/application_controller_renderer.rb": [
        null,
        null,
        null,
        null,
        null,
        null,
        null,
        null
      ],
      "/Users/kemilaisdiandini/job/friend-management-test/config/initializers/assets.rb": [
        null,
        null,
        null,
        1,
        null,
        null,
        null,
        null,
        1,
        null,
        null,
        null,
        null,
        null
      ],
      "/Users/kemilaisdiandini/job/friend-management-test/config/initializers/backtrace_silencers.rb": [
        null,
        null,
        null,
        null,
        null,
        null,
        null
      ],
      "/Users/kemilaisdiandini/job/friend-management-test/config/initializers/cookies_serializer.rb": [
        null,
        null,
        null,
        null,
        1
      ],
      "/Users/kemilaisdiandini/job/friend-management-test/config/initializers/filter_parameter_logging.rb": [
        null,
        null,
        null,
        1
      ],
      "/Users/kemilaisdiandini/job/friend-management-test/config/initializers/inflections.rb": [
        null,
        null,
        null,
        null,
        null,
        null,
        null,
        null,
        null,
        null,
        null,
        null,
        null,
        null,
        null,
        null
      ],
      "/Users/kemilaisdiandini/job/friend-management-test/config/initializers/mime_types.rb": [
        null,
        null,
        null,
        null
      ],
      "/Users/kemilaisdiandini/job/friend-management-test/config/initializers/wrap_parameters.rb": [
        null,
        null,
        null,
        null,
        null,
        null,
        1,
        2,
        null,
        null,
        null,
        null,
        null,
        null
      ],
      "/Users/kemilaisdiandini/job/friend-management-test/config/routes.rb": [
        1,
        null,
        null,
        1,
        1,
        1,
        1,
        null,
        null,
        null,
        1,
        1,
        1,
        1,
        null,
        null,
        null,
        null,
        1,
        1,
        null
      ],
      "/Users/kemilaisdiandini/job/friend-management-test/app/helpers/api/api_helper.rb": [
        1,
        null
      ],
      "/Users/kemilaisdiandini/job/friend-management-test/app/helpers/api/friends_helper.rb": [
        1,
        null
      ],
      "/Users/kemilaisdiandini/job/friend-management-test/app/helpers/api/subscribes_helper.rb": [
        1,
        null
      ],
      "/Users/kemilaisdiandini/job/friend-management-test/app/helpers/application_helper.rb": [
        1,
        null
      ],
      "/Users/kemilaisdiandini/job/friend-management-test/app/controllers/api/api_controller.rb": [
        1,
        null,
        1,
        0,
        null,
        null,
        null,
        null,
        null,
        null,
        null,
        null
      ],
      "/Users/kemilaisdiandini/job/friend-management-test/app/controllers/application_controller.rb": [
        1,
        null
      ],
      "/Users/kemilaisdiandini/job/friend-management-test/spec/controllers/api/friends_controller_spec.rb": [
        1,
        null,
        1,
        null,
        1,
        2,
        2,
        2,
        null,
        1,
        1,
        1,
        1,
        1,
        null,
        1,
        1,
        1,
        null,
        null,
        null,
        1,
        1,
        1,
        1,
        1,
        null,
        null,
        null,
        1,
        1,
        1,
        1,
        1,
        null,
        null,
        null,
        null,
        null,
        1,
        2,
        null,
        1,
        2,
        2,
        null,
        null,
        1,
        1,
        1,
        1,
        1,
        null,
        null,
        1,
        1,
        1,
        1,
        null,
        null,
        null,
        null,
        null,
        1,
        1,
        3,
        3,
        3,
        3,
        null,
        null,
        1,
        1,
        1,
        1,
        1,
        null,
        null,
        1,
        1,
        1,
        1,
        null,
        null,
        1,
        1,
        1,
        1,
        null,
        null,
        null,
        null
      ],
      "/Users/kemilaisdiandini/job/friend-management-test/app/controllers/api/friends_controller.rb": [
        1,
        null,
        1,
        1,
        1,
        4,
        4,
        null,
        null,
        1,
        1,
        1,
        2,
        2,
        null,
        null,
        1,
        1,
        1,
        3,
        3,
        null,
        null
      ],
      "/Users/kemilaisdiandini/job/friend-management-test/spec/controllers/api/subscribes_controller_spec.rb": [
        1,
        null,
        1,
        null,
        1,
        2,
        2,
        2,
        null,
        1,
        1,
        1,
        1,
        1,
        null,
        null,
        null,
        1,
        1,
        1,
        1,
        1,
        null,
        null,
        null,
        1,
        1,
        1,
        1,
        1,
        null,
        null,
        null,
        null,
        1,
        2,
        1,
        1,
        null,
        null,
        1,
        1,
        1,
        1,
        1,
        1,
        null,
        null,
        null,
        null,
        1,
        2,
        1,
        1,
        1,
        null,
        null,
        1,
        1,
        1,
        1,
        1,
        1,
        null,
        null,
        null,
        null
      ],
      "/Users/kemilaisdiandini/job/friend-management-test/app/controllers/api/subscribes_controller.rb": [
        1,
        null,
        1,
        1,
        1,
        1,
        3,
        3,
        null,
        null,
        1,
        1,
        1,
        1,
        1,
        1,
        null,
        null,
        1,
        1,
        1,
        1,
        1,
        1,
        null,
        null
      ],
      "/Users/kemilaisdiandini/job/friend-management-test/spec/models/friend_spec.rb": [
        1,
        null,
        1,
        2,
        null,
        1,
        1,
        1,
        1,
        1,
        null,
        1,
        1,
        null,
        1,
        1,
        null,
        1,
        1,
        null,
        1,
        1,
        null,
        null,
        1,
        1,
        1,
        1,
        1,
        null,
        1,
        1,
        null,
        1,
        1,
        null,
        1,
        1,
        null,
        null,
        null,
        1,
        1,
        1,
        1,
        1,
        1,
        null,
        1,
        1,
        1,
        null,
        1,
        1,
        null,
        1,
        1,
        null,
        1,
        1,
        null,
        1,
        1,
        null,
        1,
        1,
        null,
        null,
        null
      ],
      "/Users/kemilaisdiandini/job/friend-management-test/app/models/friend.rb": [
        1,
        null,
        1,
        1,
        null,
        1,
        1,
        null,
        null,
        1,
        29,
        27,
        27,
        54,
        54,
        null,
        2,
        null,
        null,
        null,
        25,
        2,
        null,
        23,
        23,
        null,
        null,
        null,
        1,
        4,
        4,
        2,
        2,
        2,
        null,
        2,
        null,
        null,
        null,
        1,
        8,
        null,
        8,
        8,
        16,
        16,
        null,
        2,
        null,
        null,
        null,
        6,
        6,
        20,
        6,
        null,
        null,
        null
      ],
      "/Users/kemilaisdiandini/job/friend-management-test/app/models/application_record.rb": [
        1,
        1,
        null
      ],
      "/Users/kemilaisdiandini/job/friend-management-test/spec/models/subscribe_spec.rb": [
        1,
        null,
        1,
        2,
        null,
        1,
        1,
        1,
        1,
        1,
        1,
        1,
        1,
        null,
        1,
        1,
        null,
        null,
        1,
        1,
        1,
        1,
        1,
        null,
        1,
        1,
        1,
        null,
        1,
        1,
        null,
        null,
        1,
        1,
        1,
        null,
        null,
        1,
        1,
        1,
        null,
        null,
        null
      ],
      "/Users/kemilaisdiandini/job/friend-management-test/app/models/subscribe.rb": [
        1,
        null,
        1,
        1,
        null,
        1,
        1,
        null,
        1,
        8,
        8,
        16,
        16,
        null,
        3,
        null,
        null,
        null,
        5,
        5,
        null,
        null,
        1,
        5,
        5,
        null,
        null,
        null,
        1,
        23,
        23,
        null,
        null,
        1,
        3,
        3,
        0,
        null,
        null,
        3,
        3,
        null,
        0,
        null,
        3,
        null,
        null,
        1,
        2,
        2,
        0,
        null,
        null,
        2,
        2,
        null,
        0,
        null,
        2,
        null,
        null,
        1,
        5,
        5,
        10,
        10,
        10,
        10,
        null,
        null,
        5,
        null,
        null,
        1,
        10,
        null,
        null,
        null
      ],
      "/Users/kemilaisdiandini/job/friend-management-test/spec/models/user_spec.rb": [
        1,
        null,
        1,
        2,
        2,
        null
      ],
      "/Users/kemilaisdiandini/job/friend-management-test/app/models/user.rb": [
        1,
        null,
        1,
        null,
        1,
        1,
        null,
        1,
        1,
        null,
        1,
        1,
        null,
        1,
        1,
        null,
        1,
        25,
        25,
        25,
        null,
        null,
        1,
        25,
        null,
        null,
        1,
        23,
        23,
        23,
        null,
        null,
        1,
        5,
        null,
        null,
        null
      ]
    },
    "timestamp": 1525306569
  }
}
