{
  "RSpec": {
    "coverage": {
      "/Users/kemilaisdiandini/job/friend-management-test/spec/controllers/api/v1/api_controller_spec.rb": [
        1,
        null,
        1,
        null,
        null
      ],
      "/Users/kemilaisdiandini/job/friend-management-test/spec/rails_helper.rb": [
        null,
        1,
        1,
        1,
        1,
        null,
        1,
        1,
        null,
        1,
        1,
        null,
        null,
        null,
        null,
        null,
        null,
        null,
        null,
        null,
        null,
        null,
        null,
        null,
        null,
        null,
        null,
        null,
        null,
        null,
        1,
        null,
        null,
        1,
        1,
        1,
        1,
        null,
        null,
        null,
        1,
        null,
        1,
        null,
        null,
        1,
        1,
        1,
        null,
        null,
        null,
        null,
        1,
        0,
        0,
        null,
        null,
        null,
        null,
        null,
        null,
        null,
        1,
        null,
        null,
        null,
        null,
        null,
        null,
        null,
        null,
        null,
        null,
        null,
        null,
        null,
        null,
        1,
        null,
        null,
        1,
        null,
        null,
        null
      ],
      "/Users/kemilaisdiandini/job/friend-management-test/config/environment.rb": [
        null,
        1,
        null,
        null,
        1
      ],
      "/Users/kemilaisdiandini/job/friend-management-test/config/application.rb": [
        1,
        null,
        1,
        null,
        null,
        null,
        1,
        null,
        1,
        1,
        null,
        1,
        null,
        null,
        null,
        null,
        null,
        null
      ],
      "/Users/kemilaisdiandini/job/friend-management-test/config/boot.rb": [
        1,
        null,
        1
      ],
      "/Users/kemilaisdiandini/job/friend-management-test/config/environments/test.rb": [
        1,
        null,
        null,
        null,
        null,
        null,
        null,
        1,
        null,
        null,
        null,
        null,
        1,
        null,
        null,
        1,
        1,
        null,
        null,
        null,
        null,
        1,
        1,
        null,
        null,
        1,
        null,
        null,
        1,
        1,
        null,
        null,
        null,
        null,
        1,
        null,
        null,
        1,
        null,
        null,
        null,
        null
      ],
      "/Users/kemilaisdiandini/job/friend-management-test/config/initializers/application_controller_renderer.rb": [
        null,
        null,
        null,
        null,
        null,
        null,
        null,
        null
      ],
      "/Users/kemilaisdiandini/job/friend-management-test/config/initializers/assets.rb": [
        null,
        null,
        null,
        1,
        null,
        null,
        null,
        null,
        1,
        null,
        null,
        null,
        null,
        null
      ],
      "/Users/kemilaisdiandini/job/friend-management-test/config/initializers/backtrace_silencers.rb": [
        null,
        null,
        null,
        null,
        null,
        null,
        null
      ],
      "/Users/kemilaisdiandini/job/friend-management-test/config/initializers/cookies_serializer.rb": [
        null,
        null,
        null,
        null,
        1
      ],
      "/Users/kemilaisdiandini/job/friend-management-test/config/initializers/filter_parameter_logging.rb": [
        null,
        null,
        null,
        1
      ],
      "/Users/kemilaisdiandini/job/friend-management-test/config/initializers/inflections.rb": [
        null,
        null,
        null,
        null,
        null,
        null,
        null,
        null,
        null,
        null,
        null,
        null,
        null,
        null,
        null,
        null
      ],
      "/Users/kemilaisdiandini/job/friend-management-test/config/initializers/mime_types.rb": [
        null,
        null,
        null,
        null
      ],
      "/Users/kemilaisdiandini/job/friend-management-test/config/initializers/wrap_parameters.rb": [
        null,
        null,
        null,
        null,
        null,
        null,
        1,
        2,
        null,
        null,
        null,
        null,
        null,
        null
      ],
      "/Users/kemilaisdiandini/job/friend-management-test/config/routes.rb": [
        1,
        null,
        null
      ],
      "/Users/kemilaisdiandini/job/friend-management-test/app/helpers/application_helper.rb": [
        1,
        null
      ],
      "/Users/kemilaisdiandini/job/friend-management-test/spec/controllers/api/v1/friends_controller_spec.rb": [
        1,
        null,
        1,
        null,
        null
      ],
      "/Users/kemilaisdiandini/job/friend-management-test/spec/helpers/api/v1/api_helper_spec.rb": [
        1,
        null,
        null,
        null,
        null,
        null,
        null,
        null,
        null,
        null,
        null,
        null,
        1,
        0,
        null
      ],
      "/Users/kemilaisdiandini/job/friend-management-test/spec/helpers/api/v1/friends_helper_spec.rb": [
        1,
        null,
        null,
        null,
        null,
        null,
        null,
        null,
        null,
        null,
        null,
        null,
        1,
        0,
        null
      ],
      "/Users/kemilaisdiandini/job/friend-management-test/spec/models/friend_spec.rb": [
        1,
        null,
        1,
        1,
        null
      ],
      "/Users/kemilaisdiandini/job/friend-management-test/app/models/friend.rb": [
        1,
        null,
        1,
        1,
        null,
        1,
        1,
        null,
        null,
        1,
        0,
        0,
        0,
        0,
        0,
        null,
        0,
        null,
        null,
        null,
        0,
        0,
        null,
        0,
        0,
        null,
        null,
        null
      ],
      "/Users/kemilaisdiandini/job/friend-management-test/app/models/application_record.rb": [
        1,
        1,
        null
      ],
      "/Users/kemilaisdiandini/job/friend-management-test/spec/models/subscribe_spec.rb": [
        1,
        null,
        1,
        1,
        null
      ],
      "/Users/kemilaisdiandini/job/friend-management-test/app/models/subscribe.rb": [
        1,
        null,
        1,
        1,
        null,
        1,
        1,
        null,
        null
      ],
      "/Users/kemilaisdiandini/job/friend-management-test/spec/models/user_spec.rb": [
        1,
        null,
        1,
        1,
        1,
        null
      ],
      "/Users/kemilaisdiandini/job/friend-management-test/app/models/user.rb": [
        1,
        null,
        1,
        null,
        1,
        1,
        null,
        1,
        1,
        null,
        1,
        1,
        null,
        1,
        1,
        null,
        null
      ]
    },
    "timestamp": 1525259616
  }
}
